1765899495.867382 client started (20850): version 3.4, socket /tmp/tmux-1001/default, protocol 8
1765899495.867399 on Linux 6.11.0-1016-nvidia #16-Ubuntu SMP PREEMPT_DYNAMIC Sun Sep 21 17:06:33 UTC 2025
1765899495.867402 using libevent 2.1.12-stable poll
1765899495.867404 using ncurses 6.4 20240113
1765899495.867417 flags are 0x18010000
1765899495.867425 socket is /tmp/tmux-1001/default
1765899495.867434 trying connect
1765899495.867444 connect failed: No such file or directory
1765899495.867449 lock file is /tmp/tmux-1001/default.lock
1765899495.867460 flock succeeded
1765899495.867461 got lock (6)
1765899495.867464 trying connect
1765899495.867467 connect failed: No such file or directory
1765899495.867706 add peer 0x60099efbd6b0: 7 ((nil))
1765899495.867999 sending message 100 to peer 0x60099efbd6b0 (4 bytes)
1765899495.868004 sending message 111 to peer 0x60099efbd6b0 (8 bytes)
1765899495.868007 sending message 101 to peer 0x60099efbd6b0 (15 bytes)
1765899495.868008 sending message 109 to peer 0x60099efbd6b0 (4 bytes)
1765899495.868011 sending message 102 to peer 0x60099efbd6b0 (11 bytes)
1765899495.868013 sending message 108 to peer 0x60099efbd6b0 (28 bytes)
1765899495.868014 sending message 112 to peer 0x60099efbd6b0 (58 bytes)
1765899495.868016 sending message 112 to peer 0x60099efbd6b0 (5 bytes)
1765899495.868018 sending message 112 to peer 0x60099efbd6b0 (5 bytes)
1765899495.868019 sending message 112 to peer 0x60099efbd6b0 (6 bytes)
1765899495.868020 sending message 112 to peer 0x60099efbd6b0 (6 bytes)
1765899495.868022 sending message 112 to peer 0x60099efbd6b0 (11 bytes)
1765899495.868024 sending message 112 to peer 0x60099efbd6b0 (10 bytes)
1765899495.868025 sending message 112 to peer 0x60099efbd6b0 (13 bytes)
1765899495.868027 sending message 112 to peer 0x60099efbd6b0 (14 bytes)
1765899495.868028 sending message 112 to peer 0x60099efbd6b0 (19 bytes)
1765899495.868030 sending message 112 to peer 0x60099efbd6b0 (11 bytes)
1765899495.868031 sending message 112 to peer 0x60099efbd6b0 (10 bytes)
1765899495.868032 sending message 112 to peer 0x60099efbd6b0 (15 bytes)
1765899495.868034 sending message 112 to peer 0x60099efbd6b0 (21 bytes)
1765899495.868035 sending message 112 to peer 0x60099efbd6b0 (13 bytes)
1765899495.868037 sending message 112 to peer 0x60099efbd6b0 (7 bytes)
1765899495.868038 sending message 112 to peer 0x60099efbd6b0 (13 bytes)
1765899495.868042 sending message 112 to peer 0x60099efbd6b0 (7 bytes)
1765899495.868044 sending message 112 to peer 0x60099efbd6b0 (13 bytes)
1765899495.868046 sending message 112 to peer 0x60099efbd6b0 (9 bytes)
1765899495.868048 sending message 112 to peer 0x60099efbd6b0 (21 bytes)
1765899495.868050 sending message 112 to peer 0x60099efbd6b0 (13 bytes)
1765899495.868052 sending message 112 to peer 0x60099efbd6b0 (9 bytes)
1765899495.868055 sending message 112 to peer 0x60099efbd6b0 (16 bytes)
1765899495.868057 sending message 112 to peer 0x60099efbd6b0 (13 bytes)
1765899495.868060 sending message 112 to peer 0x60099efbd6b0 (9 bytes)
1765899495.868062 sending message 112 to peer 0x60099efbd6b0 (9 bytes)
1765899495.868064 sending message 112 to peer 0x60099efbd6b0 (12 bytes)
1765899495.868067 sending message 112 to peer 0x60099efbd6b0 (8 bytes)
1765899495.868069 sending message 112 to peer 0x60099efbd6b0 (8 bytes)
1765899495.868071 sending message 112 to peer 0x60099efbd6b0 (13 bytes)
1765899495.868072 sending message 112 to peer 0x60099efbd6b0 (7 bytes)
1765899495.868074 sending message 112 to peer 0x60099efbd6b0 (7 bytes)
1765899495.868075 sending message 112 to peer 0x60099efbd6b0 (9 bytes)
1765899495.868076 sending message 112 to peer 0x60099efbd6b0 (9 bytes)
1765899495.868078 sending message 112 to peer 0x60099efbd6b0 (15 bytes)
1765899495.868079 sending message 112 to peer 0x60099efbd6b0 (13 bytes)
1765899495.868081 sending message 112 to peer 0x60099efbd6b0 (12 bytes)
1765899495.868082 sending message 112 to peer 0x60099efbd6b0 (8 bytes)
1765899495.868084 sending message 112 to peer 0x60099efbd6b0 (14 bytes)
1765899495.868085 sending message 112 to peer 0x60099efbd6b0 (11 bytes)
1765899495.868091 sending message 112 to peer 0x60099efbd6b0 (9 bytes)
1765899495.868093 sending message 112 to peer 0x60099efbd6b0 (10 bytes)
1765899495.868094 sending message 112 to peer 0x60099efbd6b0 (10 bytes)
1765899495.868096 sending message 112 to peer 0x60099efbd6b0 (10 bytes)
1765899495.868111 sending message 112 to peer 0x60099efbd6b0 (10 bytes)
1765899495.868116 sending message 112 to peer 0x60099efbd6b0 (11 bytes)
1765899495.868119 sending message 112 to peer 0x60099efbd6b0 (12 bytes)
1765899495.868121 sending message 112 to peer 0x60099efbd6b0 (12 bytes)
1765899495.868124 sending message 112 to peer 0x60099efbd6b0 (12 bytes)
1765899495.868126 sending message 112 to peer 0x60099efbd6b0 (12 bytes)
1765899495.868129 sending message 112 to peer 0x60099efbd6b0 (12 bytes)
1765899495.868132 sending message 112 to peer 0x60099efbd6b0 (11 bytes)
1765899495.868134 sending message 112 to peer 0x60099efbd6b0 (11 bytes)
1765899495.868137 sending message 112 to peer 0x60099efbd6b0 (12 bytes)
1765899495.868140 sending message 112 to peer 0x60099efbd6b0 (12 bytes)
1765899495.868142 sending message 112 to peer 0x60099efbd6b0 (12 bytes)
1765899495.868145 sending message 112 to peer 0x60099efbd6b0 (12 bytes)
1765899495.868148 sending message 112 to peer 0x60099efbd6b0 (12 bytes)
1765899495.868151 sending message 112 to peer 0x60099efbd6b0 (9 bytes)
1765899495.868153 sending message 112 to peer 0x60099efbd6b0 (12 bytes)
1765899495.868157 sending message 112 to peer 0x60099efbd6b0 (13 bytes)
1765899495.868158 sending message 112 to peer 0x60099efbd6b0 (13 bytes)
1765899495.868160 sending message 112 to peer 0x60099efbd6b0 (13 bytes)
1765899495.868162 sending message 112 to peer 0x60099efbd6b0 (13 bytes)
1765899495.868164 sending message 112 to peer 0x60099efbd6b0 (13 bytes)
1765899495.868165 sending message 112 to peer 0x60099efbd6b0 (8 bytes)
1765899495.868167 sending message 112 to peer 0x60099efbd6b0 (11 bytes)
1765899495.868169 sending message 112 to peer 0x60099efbd6b0 (11 bytes)
1765899495.868171 sending message 112 to peer 0x60099efbd6b0 (11 bytes)
1765899495.868172 sending message 112 to peer 0x60099efbd6b0 (12 bytes)
1765899495.868174 sending message 112 to peer 0x60099efbd6b0 (12 bytes)
1765899495.868176 sending message 112 to peer 0x60099efbd6b0 (12 bytes)
1765899495.868178 sending message 112 to peer 0x60099efbd6b0 (12 bytes)
1765899495.868179 sending message 112 to peer 0x60099efbd6b0 (13 bytes)
1765899495.868181 sending message 112 to peer 0x60099efbd6b0 (13 bytes)
1765899495.868183 sending message 112 to peer 0x60099efbd6b0 (13 bytes)
1765899495.868185 sending message 112 to peer 0x60099efbd6b0 (8 bytes)
1765899495.868187 sending message 112 to peer 0x60099efbd6b0 (13 bytes)
1765899495.868190 sending message 112 to peer 0x60099efbd6b0 (13 bytes)
1765899495.868192 sending message 112 to peer 0x60099efbd6b0 (13 bytes)
1765899495.868194 sending message 112 to peer 0x60099efbd6b0 (13 bytes)
1765899495.868196 sending message 112 to peer 0x60099efbd6b0 (13 bytes)
1765899495.868199 sending message 112 to peer 0x60099efbd6b0 (12 bytes)
1765899495.868201 sending message 112 to peer 0x60099efbd6b0 (12 bytes)
1765899495.868203 sending message 112 to peer 0x60099efbd6b0 (12 bytes)
1765899495.868205 sending message 112 to peer 0x60099efbd6b0 (12 bytes)
1765899495.868208 sending message 112 to peer 0x60099efbd6b0 (13 bytes)
1765899495.868211 sending message 112 to peer 0x60099efbd6b0 (8 bytes)
1765899495.868213 sending message 112 to peer 0x60099efbd6b0 (13 bytes)
1765899495.868215 sending message 112 to peer 0x60099efbd6b0 (13 bytes)
1765899495.868218 sending message 112 to peer 0x60099efbd6b0 (13 bytes)
1765899495.868220 sending message 112 to peer 0x60099efbd6b0 (13 bytes)
1765899495.868222 sending message 112 to peer 0x60099efbd6b0 (13 bytes)
1765899495.868224 sending message 112 to peer 0x60099efbd6b0 (13 bytes)
1765899495.868227 sending message 112 to peer 0x60099efbd6b0 (13 bytes)
1765899495.868229 sending message 112 to peer 0x60099efbd6b0 (12 bytes)
1765899495.868231 sending message 112 to peer 0x60099efbd6b0 (12 bytes)
1765899495.868237 sending message 112 to peer 0x60099efbd6b0 (12 bytes)
1765899495.868240 sending message 112 to peer 0x60099efbd6b0 (8 bytes)
1765899495.868242 sending message 112 to peer 0x60099efbd6b0 (12 bytes)
1765899495.868243 sending message 112 to peer 0x60099efbd6b0 (13 bytes)
1765899495.868245 sending message 112 to peer 0x60099efbd6b0 (13 bytes)
1765899495.868246 sending message 112 to peer 0x60099efbd6b0 (13 bytes)
1765899495.868248 sending message 112 to peer 0x60099efbd6b0 (13 bytes)
1765899495.868250 sending message 112 to peer 0x60099efbd6b0 (13 bytes)
1765899495.868251 sending message 112 to peer 0x60099efbd6b0 (13 bytes)
1765899495.868253 sending message 112 to peer 0x60099efbd6b0 (13 bytes)
1765899495.868255 sending message 112 to peer 0x60099efbd6b0 (13 bytes)
1765899495.868256 sending message 112 to peer 0x60099efbd6b0 (12 bytes)
1765899495.868258 sending message 112 to peer 0x60099efbd6b0 (10 bytes)
1765899495.868259 sending message 112 to peer 0x60099efbd6b0 (12 bytes)
1765899495.868261 sending message 112 to peer 0x60099efbd6b0 (12 bytes)
1765899495.868263 sending message 112 to peer 0x60099efbd6b0 (12 bytes)
1765899495.868264 sending message 112 to peer 0x60099efbd6b0 (13 bytes)
1765899495.868266 sending message 112 to peer 0x60099efbd6b0 (13 bytes)
1765899495.868268 sending message 112 to peer 0x60099efbd6b0 (13 bytes)
1765899495.868269 sending message 112 to peer 0x60099efbd6b0 (13 bytes)
1765899495.868271 sending message 112 to peer 0x60099efbd6b0 (13 bytes)
1765899495.868272 sending message 112 to peer 0x60099efbd6b0 (13 bytes)
1765899495.868274 sending message 112 to peer 0x60099efbd6b0 (13 bytes)
1765899495.868276 sending message 112 to peer 0x60099efbd6b0 (10 bytes)
1765899495.868277 sending message 112 to peer 0x60099efbd6b0 (13 bytes)
1765899495.868279 sending message 112 to peer 0x60099efbd6b0 (12 bytes)
1765899495.868280 sending message 112 to peer 0x60099efbd6b0 (12 bytes)
1765899495.868282 sending message 112 to peer 0x60099efbd6b0 (12 bytes)
1765899495.868284 sending message 112 to peer 0x60099efbd6b0 (10 bytes)
1765899495.868285 sending message 112 to peer 0x60099efbd6b0 (10 bytes)
1765899495.868287 sending message 112 to peer 0x60099efbd6b0 (10 bytes)
1765899495.868288 sending message 112 to peer 0x60099efbd6b0 (12 bytes)
1765899495.868290 sending message 112 to peer 0x60099efbd6b0 (13 bytes)
1765899495.868292 sending message 112 to peer 0x60099efbd6b0 (13 bytes)
1765899495.868293 sending message 112 to peer 0x60099efbd6b0 (13 bytes)
1765899495.868295 sending message 112 to peer 0x60099efbd6b0 (13 bytes)
1765899495.868297 sending message 112 to peer 0x60099efbd6b0 (13 bytes)
1765899495.868298 sending message 112 to peer 0x60099efbd6b0 (10 bytes)
1765899495.868300 sending message 112 to peer 0x60099efbd6b0 (11 bytes)
1765899495.868302 sending message 112 to peer 0x60099efbd6b0 (12 bytes)
1765899495.868303 sending message 112 to peer 0x60099efbd6b0 (12 bytes)
1765899495.868305 sending message 112 to peer 0x60099efbd6b0 (12 bytes)
1765899495.868306 sending message 112 to peer 0x60099efbd6b0 (12 bytes)
1765899495.868308 sending message 112 to peer 0x60099efbd6b0 (12 bytes)
1765899495.868310 sending message 112 to peer 0x60099efbd6b0 (11 bytes)
1765899495.868311 sending message 112 to peer 0x60099efbd6b0 (12 bytes)
1765899495.868313 sending message 112 to peer 0x60099efbd6b0 (12 bytes)
1765899495.868314 sending message 112 to peer 0x60099efbd6b0 (13 bytes)
1765899495.868316 sending message 112 to peer 0x60099efbd6b0 (13 bytes)
1765899495.868318 sending message 112 to peer 0x60099efbd6b0 (13 bytes)
1765899495.868319 sending message 112 to peer 0x60099efbd6b0 (13 bytes)
1765899495.868321 sending message 112 to peer 0x60099efbd6b0 (13 bytes)
1765899495.868323 sending message 112 to peer 0x60099efbd6b0 (10 bytes)
1765899495.868324 sending message 112 to peer 0x60099efbd6b0 (9 bytes)
1765899495.868329 sending message 112 to peer 0x60099efbd6b0 (12 bytes)
1765899495.868330 sending message 112 to peer 0x60099efbd6b0 (13 bytes)
1765899495.868332 sending message 112 to peer 0x60099efbd6b0 (13 bytes)
1765899495.868335 sending message 112 to peer 0x60099efbd6b0 (13 bytes)
1765899495.868337 sending message 112 to peer 0x60099efbd6b0 (13 bytes)
1765899495.868338 sending message 112 to peer 0x60099efbd6b0 (13 bytes)
1765899495.868340 sending message 112 to peer 0x60099efbd6b0 (9 bytes)
1765899495.868342 sending message 112 to peer 0x60099efbd6b0 (12 bytes)
1765899495.868343 sending message 112 to peer 0x60099efbd6b0 (13 bytes)
1765899495.868345 sending message 112 to peer 0x60099efbd6b0 (13 bytes)
1765899495.868346 sending message 112 to peer 0x60099efbd6b0 (13 bytes)
1765899495.868348 sending message 112 to peer 0x60099efbd6b0 (13 bytes)
1765899495.868350 sending message 112 to peer 0x60099efbd6b0 (13 bytes)
1765899495.868351 sending message 112 to peer 0x60099efbd6b0 (11 bytes)
1765899495.868353 sending message 112 to peer 0x60099efbd6b0 (12 bytes)
1765899495.868355 sending message 112 to peer 0x60099efbd6b0 (13 bytes)
1765899495.868356 sending message 112 to peer 0x60099efbd6b0 (13 bytes)
1765899495.868358 sending message 112 to peer 0x60099efbd6b0 (13 bytes)
1765899495.868360 sending message 112 to peer 0x60099efbd6b0 (13 bytes)
1765899495.868362 sending message 112 to peer 0x60099efbd6b0 (13 bytes)
1765899495.868363 sending message 112 to peer 0x60099efbd6b0 (11 bytes)
1765899495.868365 sending message 112 to peer 0x60099efbd6b0 (12 bytes)
1765899495.868367 sending message 112 to peer 0x60099efbd6b0 (12 bytes)
1765899495.868369 sending message 112 to peer 0x60099efbd6b0 (12 bytes)
1765899495.868371 sending message 112 to peer 0x60099efbd6b0 (12 bytes)
1765899495.868372 sending message 112 to peer 0x60099efbd6b0 (12 bytes)
1765899495.868374 sending message 112 to peer 0x60099efbd6b0 (21 bytes)
1765899495.868376 sending message 112 to peer 0x60099efbd6b0 (12 bytes)
1765899495.868377 sending message 112 to peer 0x60099efbd6b0 (9 bytes)
1765899495.868379 sending message 112 to peer 0x60099efbd6b0 (6 bytes)
1765899495.868381 sending message 112 to peer 0x60099efbd6b0 (13 bytes)
1765899495.868383 sending message 112 to peer 0x60099efbd6b0 (10 bytes)
1765899495.868385 sending message 112 to peer 0x60099efbd6b0 (24 bytes)
1765899495.868386 sending message 112 to peer 0x60099efbd6b0 (13 bytes)
1765899495.868388 sending message 112 to peer 0x60099efbd6b0 (9 bytes)
1765899495.868390 sending message 112 to peer 0x60099efbd6b0 (70 bytes)
1765899495.868391 sending message 112 to peer 0x60099efbd6b0 (69 bytes)
1765899495.868393 sending message 112 to peer 0x60099efbd6b0 (12 bytes)
1765899495.868395 sending message 112 to peer 0x60099efbd6b0 (10 bytes)
1765899495.868397 sending message 112 to peer 0x60099efbd6b0 (10 bytes)
1765899495.868398 sending message 112 to peer 0x60099efbd6b0 (24 bytes)
1765899495.868400 sending message 112 to peer 0x60099efbd6b0 (13 bytes)
1765899495.868402 sending message 112 to peer 0x60099efbd6b0 (10 bytes)
1765899495.868404 sending message 112 to peer 0x60099efbd6b0 (10 bytes)
1765899495.868406 sending message 112 to peer 0x60099efbd6b0 (10 bytes)
1765899495.868408 sending message 112 to peer 0x60099efbd6b0 (13 bytes)
1765899495.868409 sending message 112 to peer 0x60099efbd6b0 (15 bytes)
1765899495.868411 sending message 112 to peer 0x60099efbd6b0 (5 bytes)
1765899495.868413 sending message 104 to peer 0x60099efbd6b0 (0 bytes)
1765899495.868416 sending message 110 to peer 0x60099efbd6b0 (0 bytes)
1765899495.868418 sending message 107 to peer 0x60099efbd6b0 (4 bytes)
1765899495.868420 sending message 105 to peer 0x60099efbd6b0 (16 bytes)
1765899495.868422 sending message 105 to peer 0x60099efbd6b0 (20 bytes)
1765899495.868424 sending message 105 to peer 0x60099efbd6b0 (29 bytes)
1765899495.868426 sending message 105 to peer 0x60099efbd6b0 (102 bytes)
1765899495.868428 sending message 105 to peer 0x60099efbd6b0 (26 bytes)
1765899495.868429 sending message 105 to peer 0x60099efbd6b0 (32 bytes)
1765899495.868432 sending message 105 to peer 0x60099efbd6b0 (14 bytes)
1765899495.868434 sending message 105 to peer 0x60099efbd6b0 (21 bytes)
1765899495.868437 sending message 105 to peer 0x60099efbd6b0 (106 bytes)
1765899495.868441 sending message 105 to peer 0x60099efbd6b0 (17 bytes)
1765899495.868442 sending message 105 to peer 0x60099efbd6b0 (13 bytes)
1765899495.868444 sending message 105 to peer 0x60099efbd6b0 (1817 bytes)
1765899495.868453 sending message 105 to peer 0x60099efbd6b0 (120 bytes)
1765899495.868456 sending message 105 to peer 0x60099efbd6b0 (48 bytes)
1765899495.868458 sending message 105 to peer 0x60099efbd6b0 (31 bytes)
1765899495.868460 sending message 105 to peer 0x60099efbd6b0 (35 bytes)
1765899495.868463 sending message 105 to peer 0x60099efbd6b0 (34 bytes)
1765899495.868465 sending message 105 to peer 0x60099efbd6b0 (23 bytes)
1765899495.868466 sending message 105 to peer 0x60099efbd6b0 (20 bytes)
1765899495.868468 sending message 105 to peer 0x60099efbd6b0 (32 bytes)
1765899495.868470 sending message 105 to peer 0x60099efbd6b0 (11 bytes)
1765899495.868472 sending message 105 to peer 0x60099efbd6b0 (64 bytes)
1765899495.868473 sending message 105 to peer 0x60099efbd6b0 (8 bytes)
1765899495.868475 sending message 105 to peer 0x60099efbd6b0 (17 bytes)
1765899495.868477 sending message 105 to peer 0x60099efbd6b0 (77 bytes)
1765899495.868479 sending message 105 to peer 0x60099efbd6b0 (31 bytes)
1765899495.868480 sending message 105 to peer 0x60099efbd6b0 (34 bytes)
1765899495.868482 sending message 105 to peer 0x60099efbd6b0 (137 bytes)
1765899495.868484 sending message 105 to peer 0x60099efbd6b0 (65 bytes)
1765899495.868486 sending message 105 to peer 0x60099efbd6b0 (108 bytes)
1765899495.868488 sending message 105 to peer 0x60099efbd6b0 (347 bytes)
1765899495.868490 sending message 105 to peer 0x60099efbd6b0 (54 bytes)
1765899495.868492 sending message 105 to peer 0x60099efbd6b0 (20 bytes)
1765899495.868494 sending message 105 to peer 0x60099efbd6b0 (88 bytes)
1765899495.868496 sending message 105 to peer 0x60099efbd6b0 (16 bytes)
1765899495.868498 sending message 106 to peer 0x60099efbd6b0 (0 bytes)
1765899495.868526 sending message 200 to peer 0x60099efbd6b0 (4 bytes)
1765899495.868528 client loop enter
1765899495.868539 client_signal: Child exited
1765899495.930619 peer 0x60099efbd6b0 message 207
1765899495.930630 sending message 208 to peer 0x60099efbd6b0 (0 bytes)
1765899548.280064 client_signal: Window changed
1765899548.280094 sending message 208 to peer 0x60099efbd6b0 (0 bytes)
1765899548.314774 client_signal: Window changed
1765899548.314794 sending message 208 to peer 0x60099efbd6b0 (0 bytes)
1765899548.315131 client_signal: Window changed
1765899548.315136 sending message 208 to peer 0x60099efbd6b0 (0 bytes)
1765899548.345503 client_signal: Window changed
1765899548.345519 sending message 208 to peer 0x60099efbd6b0 (0 bytes)
1765899548.345753 client_signal: Window changed
1765899548.345756 sending message 208 to peer 0x60099efbd6b0 (0 bytes)
1765899548.345982 client_signal: Window changed
1765899548.345985 sending message 208 to peer 0x60099efbd6b0 (0 bytes)
1765899548.363260 client_signal: Window changed
1765899548.363264 sending message 208 to peer 0x60099efbd6b0 (0 bytes)
1765899548.371158 client_signal: Window changed
1765899548.371162 sending message 208 to peer 0x60099efbd6b0 (0 bytes)
1765899548.371332 client_signal: Window changed
1765899548.371336 sending message 208 to peer 0x60099efbd6b0 (0 bytes)
1765899548.385478 client_signal: Window changed
1765899548.385482 sending message 208 to peer 0x60099efbd6b0 (0 bytes)
1765899548.401917 client_signal: Window changed
1765899548.401921 sending message 208 to peer 0x60099efbd6b0 (0 bytes)
1765899548.403241 client_signal: Window changed
1765899548.403244 sending message 208 to peer 0x60099efbd6b0 (0 bytes)
1765899548.425274 client_signal: Window changed
1765899548.425279 sending message 208 to peer 0x60099efbd6b0 (0 bytes)
1765899548.425567 client_signal: Window changed
1765899548.425570 sending message 208 to peer 0x60099efbd6b0 (0 bytes)
1765899548.449280 client_signal: Window changed
1765899548.449284 sending message 208 to peer 0x60099efbd6b0 (0 bytes)
1765899548.449579 client_signal: Window changed
1765899548.449583 sending message 208 to peer 0x60099efbd6b0 (0 bytes)
1765899548.607540 client_signal: Window changed
1765899548.607555 sending message 208 to peer 0x60099efbd6b0 (0 bytes)
1765899558.857712 client_signal: Hangup
1765899558.857735 sending message 205 to peer 0x60099efbd6b0 (0 bytes)
1765899558.858397 peer 0x60099efbd6b0 message 204
1765899558.858405 client loop exit
